2024-07-20 11:09:25,909 CRIT Supervisor is running as root.  Privileges were not dropped because no user is specified in the config file.  If you intend to run as root, you can set user=root in the config file to avoid this message.
2024-07-20 11:09:25,918 INFO supervisord started with pid 1
2024-07-20 11:09:26,546 CRIT Supervisor is running as root.  Privileges were not dropped because no user is specified in the config file.  If you intend to run as root, you can set user=root in the config file to avoid this message.
2024-07-20 11:09:26,595 INFO supervisord started with pid 1
2024-07-20 11:09:26,926 INFO spawned: 'apache2' with pid 6
2024-07-20 11:09:27,602 INFO spawned: 'apache2' with pid 7
2024-07-20 11:09:28,004 INFO success: apache2 entered RUNNING state, process has stayed up for > than 1 seconds (startsecs)
2024-07-20 11:09:28,666 INFO success: apache2 entered RUNNING state, process has stayed up for > than 1 seconds (startsecs)
2024-07-20 11:17:51,653 WARN received SIGTERM indicating exit request
2024-07-20 11:17:51,654 INFO waiting for apache2 to die
2024-07-20 11:17:51,656 WARN stopped: apache2 (terminated by SIGTERM)
2024-07-20 11:17:51,994 WARN received SIGTERM indicating exit request
2024-07-20 11:17:52,000 INFO waiting for apache2 to die
2024-07-20 11:17:52,002 WARN stopped: apache2 (terminated by SIGTERM)
2024-07-20 11:17:53,981 CRIT Supervisor is running as root.  Privileges were not dropped because no user is specified in the config file.  If you intend to run as root, you can set user=root in the config file to avoid this message.
2024-07-20 11:17:53,997 INFO supervisord started with pid 1
2024-07-20 11:17:54,075 CRIT Supervisor is running as root.  Privileges were not dropped because no user is specified in the config file.  If you intend to run as root, you can set user=root in the config file to avoid this message.
2024-07-20 11:17:54,090 INFO supervisord started with pid 1
2024-07-20 11:17:55,002 INFO spawned: 'apache2' with pid 7
2024-07-20 11:17:55,099 INFO spawned: 'apache2' with pid 6
2024-07-20 11:17:56,053 INFO success: apache2 entered RUNNING state, process has stayed up for > than 1 seconds (startsecs)
2024-07-20 11:17:56,157 INFO success: apache2 entered RUNNING state, process has stayed up for > than 1 seconds (startsecs)
2024-07-20 11:20:53,403 WARN received SIGTERM indicating exit request
2024-07-20 11:20:53,405 INFO waiting for apache2 to die
2024-07-20 11:20:53,411 WARN stopped: apache2 (terminated by SIGTERM)
2024-07-20 11:20:53,515 WARN received SIGTERM indicating exit request
2024-07-20 11:20:53,516 INFO waiting for apache2 to die
2024-07-20 11:20:53,518 WARN stopped: apache2 (terminated by SIGTERM)
2024-07-20 11:20:56,132 CRIT Supervisor is running as root.  Privileges were not dropped because no user is specified in the config file.  If you intend to run as root, you can set user=root in the config file to avoid this message.
2024-07-20 11:20:56,151 INFO supervisord started with pid 1
2024-07-20 11:20:56,211 CRIT Supervisor is running as root.  Privileges were not dropped because no user is specified in the config file.  If you intend to run as root, you can set user=root in the config file to avoid this message.
2024-07-20 11:20:56,223 INFO supervisord started with pid 1
2024-07-20 11:20:57,160 INFO spawned: 'apache2' with pid 6
2024-07-20 11:20:57,234 INFO spawned: 'apache2' with pid 7
2024-07-20 11:20:58,244 INFO success: apache2 entered RUNNING state, process has stayed up for > than 1 seconds (startsecs)
2024-07-20 11:20:58,306 INFO success: apache2 entered RUNNING state, process has stayed up for > than 1 seconds (startsecs)
2024-07-20 11:23:24,529 WARN received SIGTERM indicating exit request
2024-07-20 11:23:24,530 INFO waiting for apache2 to die
2024-07-20 11:23:24,532 WARN stopped: apache2 (terminated by SIGTERM)
2024-07-20 11:23:24,595 WARN received SIGTERM indicating exit request
2024-07-20 11:23:24,596 INFO waiting for apache2 to die
2024-07-20 11:23:24,598 WARN stopped: apache2 (terminated by SIGTERM)
2024-07-20 11:23:26,736 CRIT Supervisor is running as root.  Privileges were not dropped because no user is specified in the config file.  If you intend to run as root, you can set user=root in the config file to avoid this message.
2024-07-20 11:23:26,745 INFO supervisord started with pid 1
2024-07-20 11:23:26,880 CRIT Supervisor is running as root.  Privileges were not dropped because no user is specified in the config file.  If you intend to run as root, you can set user=root in the config file to avoid this message.
2024-07-20 11:23:26,926 INFO supervisord started with pid 1
2024-07-20 11:23:27,753 INFO spawned: 'apache2' with pid 7
2024-07-20 11:23:27,936 INFO spawned: 'apache2' with pid 8
2024-07-20 11:23:28,811 INFO success: apache2 entered RUNNING state, process has stayed up for > than 1 seconds (startsecs)
2024-07-20 11:23:29,049 INFO success: apache2 entered RUNNING state, process has stayed up for > than 1 seconds (startsecs)
2024-07-20 11:27:43,314 WARN received SIGTERM indicating exit request
2024-07-20 11:27:43,314 INFO waiting for apache2 to die
2024-07-20 11:27:43,315 WARN stopped: apache2 (terminated by SIGTERM)
2024-07-20 11:27:43,546 WARN received SIGTERM indicating exit request
2024-07-20 11:27:43,551 INFO waiting for apache2 to die
2024-07-20 11:27:43,556 WARN stopped: apache2 (terminated by SIGTERM)
2024-07-20 11:27:45,941 CRIT Supervisor is running as root.  Privileges were not dropped because no user is specified in the config file.  If you intend to run as root, you can set user=root in the config file to avoid this message.
2024-07-20 11:27:45,955 INFO supervisord started with pid 1
2024-07-20 11:27:46,032 CRIT Supervisor is running as root.  Privileges were not dropped because no user is specified in the config file.  If you intend to run as root, you can set user=root in the config file to avoid this message.
2024-07-20 11:27:46,047 INFO supervisord started with pid 1
2024-07-20 11:27:46,960 INFO spawned: 'apache2' with pid 8
2024-07-20 11:27:47,053 INFO spawned: 'apache2' with pid 7
2024-07-20 11:27:48,028 INFO success: apache2 entered RUNNING state, process has stayed up for > than 1 seconds (startsecs)
2024-07-20 11:27:48,111 INFO success: apache2 entered RUNNING state, process has stayed up for > than 1 seconds (startsecs)
2024-07-20 11:35:30,940 WARN received SIGTERM indicating exit request
2024-07-20 11:35:30,944 INFO waiting for apache2 to die
2024-07-20 11:35:30,951 WARN stopped: apache2 (terminated by SIGTERM)
2024-07-20 11:35:31,028 WARN received SIGTERM indicating exit request
2024-07-20 11:35:31,029 INFO waiting for apache2 to die
2024-07-20 11:35:31,031 WARN stopped: apache2 (terminated by SIGTERM)
2024-07-20 11:35:33,276 CRIT Supervisor is running as root.  Privileges were not dropped because no user is specified in the config file.  If you intend to run as root, you can set user=root in the config file to avoid this message.
2024-07-20 11:35:33,287 INFO supervisord started with pid 1
2024-07-20 11:35:33,348 CRIT Supervisor is running as root.  Privileges were not dropped because no user is specified in the config file.  If you intend to run as root, you can set user=root in the config file to avoid this message.
2024-07-20 11:35:33,378 INFO supervisord started with pid 1
2024-07-20 11:35:34,294 INFO spawned: 'apache2' with pid 7
2024-07-20 11:35:34,384 INFO spawned: 'apache2' with pid 6
2024-07-20 11:35:35,365 INFO success: apache2 entered RUNNING state, process has stayed up for > than 1 seconds (startsecs)
2024-07-20 11:35:35,535 INFO success: apache2 entered RUNNING state, process has stayed up for > than 1 seconds (startsecs)
2024-07-20 11:38:25,894 WARN received SIGTERM indicating exit request
2024-07-20 11:38:25,904 INFO waiting for apache2 to die
2024-07-20 11:38:25,906 WARN stopped: apache2 (terminated by SIGTERM)
2024-07-20 11:38:26,730 WARN received SIGTERM indicating exit request
2024-07-20 11:38:26,736 INFO waiting for apache2 to die
2024-07-20 11:38:26,738 WARN stopped: apache2 (terminated by SIGTERM)
2024-07-20 11:38:28,961 CRIT Supervisor is running as root.  Privileges were not dropped because no user is specified in the config file.  If you intend to run as root, you can set user=root in the config file to avoid this message.
2024-07-20 11:38:28,973 INFO supervisord started with pid 1
2024-07-20 11:38:29,222 CRIT Supervisor is running as root.  Privileges were not dropped because no user is specified in the config file.  If you intend to run as root, you can set user=root in the config file to avoid this message.
2024-07-20 11:38:29,228 INFO supervisord started with pid 1
2024-07-20 11:38:29,979 INFO spawned: 'apache2' with pid 7
2024-07-20 11:38:30,233 INFO spawned: 'apache2' with pid 7
2024-07-20 11:38:31,023 INFO success: apache2 entered RUNNING state, process has stayed up for > than 1 seconds (startsecs)
2024-07-20 11:38:31,298 INFO success: apache2 entered RUNNING state, process has stayed up for > than 1 seconds (startsecs)
2024-07-20 11:39:54,197 WARN received SIGTERM indicating exit request
2024-07-20 11:39:54,198 INFO waiting for apache2 to die
2024-07-20 11:39:54,200 WARN stopped: apache2 (terminated by SIGTERM)
2024-07-20 11:39:54,460 WARN received SIGTERM indicating exit request
2024-07-20 11:39:54,461 INFO waiting for apache2 to die
2024-07-20 11:39:54,464 WARN stopped: apache2 (terminated by SIGTERM)
2024-07-20 11:39:56,732 CRIT Supervisor is running as root.  Privileges were not dropped because no user is specified in the config file.  If you intend to run as root, you can set user=root in the config file to avoid this message.
2024-07-20 11:39:56,744 INFO supervisord started with pid 1
2024-07-20 11:39:56,938 CRIT Supervisor is running as root.  Privileges were not dropped because no user is specified in the config file.  If you intend to run as root, you can set user=root in the config file to avoid this message.
2024-07-20 11:39:56,944 INFO supervisord started with pid 1
2024-07-20 11:39:57,752 INFO spawned: 'apache2' with pid 6
2024-07-20 11:39:57,951 INFO spawned: 'apache2' with pid 7
2024-07-20 11:39:58,804 INFO success: apache2 entered RUNNING state, process has stayed up for > than 1 seconds (startsecs)
2024-07-20 11:39:58,999 INFO success: apache2 entered RUNNING state, process has stayed up for > than 1 seconds (startsecs)
2024-07-20 11:40:26,860 WARN received SIGTERM indicating exit request
2024-07-20 11:40:26,861 INFO waiting for apache2 to die
2024-07-20 11:40:26,868 WARN stopped: apache2 (terminated by SIGTERM)
2024-07-20 11:40:27,056 WARN received SIGTERM indicating exit request
2024-07-20 11:40:27,058 INFO waiting for apache2 to die
2024-07-20 11:40:27,059 WARN stopped: apache2 (terminated by SIGTERM)
2024-07-20 11:40:29,480 CRIT Supervisor is running as root.  Privileges were not dropped because no user is specified in the config file.  If you intend to run as root, you can set user=root in the config file to avoid this message.
2024-07-20 11:40:29,488 INFO supervisord started with pid 1
2024-07-20 11:40:29,585 CRIT Supervisor is running as root.  Privileges were not dropped because no user is specified in the config file.  If you intend to run as root, you can set user=root in the config file to avoid this message.
2024-07-20 11:40:29,601 INFO supervisord started with pid 1
2024-07-20 11:40:30,493 INFO spawned: 'apache2' with pid 6
2024-07-20 11:40:30,609 INFO spawned: 'apache2' with pid 7
2024-07-20 11:40:31,547 INFO success: apache2 entered RUNNING state, process has stayed up for > than 1 seconds (startsecs)
2024-07-20 11:40:31,663 INFO success: apache2 entered RUNNING state, process has stayed up for > than 1 seconds (startsecs)
2024-07-20 11:45:24,128 WARN received SIGTERM indicating exit request
2024-07-20 11:45:24,129 INFO waiting for apache2 to die
2024-07-20 11:45:24,131 WARN stopped: apache2 (terminated by SIGTERM)
2024-07-20 11:45:24,224 WARN received SIGTERM indicating exit request
2024-07-20 11:45:24,224 INFO waiting for apache2 to die
2024-07-20 11:45:24,226 WARN stopped: apache2 (terminated by SIGTERM)
2024-07-20 11:45:26,554 CRIT Supervisor is running as root.  Privileges were not dropped because no user is specified in the config file.  If you intend to run as root, you can set user=root in the config file to avoid this message.
2024-07-20 11:45:26,563 INFO supervisord started with pid 1
2024-07-20 11:45:26,724 CRIT Supervisor is running as root.  Privileges were not dropped because no user is specified in the config file.  If you intend to run as root, you can set user=root in the config file to avoid this message.
2024-07-20 11:45:26,732 INFO supervisord started with pid 1
2024-07-20 11:45:27,570 INFO spawned: 'apache2' with pid 6
2024-07-20 11:45:27,738 INFO spawned: 'apache2' with pid 7
2024-07-20 11:45:28,644 INFO success: apache2 entered RUNNING state, process has stayed up for > than 1 seconds (startsecs)
2024-07-20 11:45:28,793 INFO success: apache2 entered RUNNING state, process has stayed up for > than 1 seconds (startsecs)
2024-07-20 11:56:10,945 WARN received SIGTERM indicating exit request
2024-07-20 11:56:10,947 INFO waiting for apache2 to die
2024-07-20 11:56:10,949 WARN stopped: apache2 (terminated by SIGTERM)
2024-07-20 11:56:11,026 WARN received SIGTERM indicating exit request
2024-07-20 11:56:11,027 INFO waiting for apache2 to die
2024-07-20 11:56:11,029 WARN stopped: apache2 (terminated by SIGTERM)
2024-07-20 11:56:13,489 CRIT Supervisor is running as root.  Privileges were not dropped because no user is specified in the config file.  If you intend to run as root, you can set user=root in the config file to avoid this message.
2024-07-20 11:56:13,497 INFO supervisord started with pid 1
2024-07-20 11:56:13,527 CRIT Supervisor is running as root.  Privileges were not dropped because no user is specified in the config file.  If you intend to run as root, you can set user=root in the config file to avoid this message.
2024-07-20 11:56:13,532 INFO supervisord started with pid 1
2024-07-20 11:56:14,503 INFO spawned: 'apache2' with pid 6
2024-07-20 11:56:14,542 INFO spawned: 'apache2' with pid 6
2024-07-20 11:56:15,620 INFO success: apache2 entered RUNNING state, process has stayed up for > than 1 seconds (startsecs)
2024-07-20 11:56:15,624 INFO success: apache2 entered RUNNING state, process has stayed up for > than 1 seconds (startsecs)
2024-07-20 12:03:35,463 WARN received SIGTERM indicating exit request
2024-07-20 12:03:35,465 INFO waiting for apache2 to die
2024-07-20 12:03:35,465 WARN received SIGTERM indicating exit request
2024-07-20 12:03:35,470 WARN stopped: apache2 (terminated by SIGTERM)
2024-07-20 12:03:35,471 INFO waiting for apache2 to die
2024-07-20 12:03:35,476 WARN stopped: apache2 (terminated by SIGTERM)
2024-07-20 12:03:38,497 CRIT Supervisor is running as root.  Privileges were not dropped because no user is specified in the config file.  If you intend to run as root, you can set user=root in the config file to avoid this message.
2024-07-20 12:03:38,506 CRIT Supervisor is running as root.  Privileges were not dropped because no user is specified in the config file.  If you intend to run as root, you can set user=root in the config file to avoid this message.
2024-07-20 12:03:38,515 INFO supervisord started with pid 1
2024-07-20 12:03:38,516 INFO supervisord started with pid 1
2024-07-20 12:03:39,520 INFO spawned: 'apache2' with pid 6
2024-07-20 12:03:39,521 INFO spawned: 'apache2' with pid 6
2024-07-20 12:03:40,603 INFO success: apache2 entered RUNNING state, process has stayed up for > than 1 seconds (startsecs)
2024-07-20 12:03:40,604 INFO success: apache2 entered RUNNING state, process has stayed up for > than 1 seconds (startsecs)
2024-07-20 12:21:44,645 WARN received SIGTERM indicating exit request
2024-07-20 12:21:44,646 INFO waiting for apache2 to die
2024-07-20 12:21:44,648 WARN stopped: apache2 (terminated by SIGTERM)
2024-07-20 12:21:44,694 WARN received SIGTERM indicating exit request
2024-07-20 12:21:44,696 INFO waiting for apache2 to die
2024-07-20 12:21:44,700 WARN stopped: apache2 (terminated by SIGTERM)
2024-07-20 12:21:48,063 CRIT could not write pidfile /var/www/html/supervisord.pid
2024-07-20 12:21:48,063 CRIT could not write pidfile /var/www/html/supervisord.pid
2024-07-20 12:21:49,068 INFO spawnerr: unknown error making dispatchers for 'apache2': EACCES
2024-07-20 12:21:49,071 INFO spawnerr: unknown error making dispatchers for 'apache2': EACCES
2024-07-20 12:21:50,075 INFO spawnerr: unknown error making dispatchers for 'apache2': EACCES
2024-07-20 12:21:50,076 INFO spawnerr: unknown error making dispatchers for 'apache2': EACCES
2024-07-20 12:21:52,082 INFO spawnerr: unknown error making dispatchers for 'apache2': EACCES
2024-07-20 12:21:52,080 INFO spawnerr: unknown error making dispatchers for 'apache2': EACCES
2024-07-20 12:21:55,093 INFO spawnerr: unknown error making dispatchers for 'apache2': EACCES
2024-07-20 12:21:55,094 INFO gave up: apache2 entered FATAL state, too many start retries too quickly
2024-07-20 12:21:55,095 INFO spawnerr: unknown error making dispatchers for 'apache2': EACCES
2024-07-20 12:21:55,096 INFO gave up: apache2 entered FATAL state, too many start retries too quickly
